2025-07-19 16:28:03,738 - logger.py:50 - --- Starting training for aspirin ---
2025-07-19 16:28:03,739 - logger.py:50 - Namespace(amp=True, batch_size=64, clip_grad=1.0, contrastive_aug_mask_ratio=0.15, contrastive_loss_weight=0.1, contrastive_mask_token_idx=0, contrastive_prioritize_heteroatoms=False, contrastive_projection_dim=128, contrastive_temp=0.1, cooldown_epochs=10, data_path='data/md17', decay_rate=0.1, delta_frame=3000, device='cuda:0', drop_path=0.0, empp_atom_type_embed_irreps='16x0e', empp_loss_weight=0.1, empp_num_mask=1, empp_pos_pred_num_s2_channels=32, empp_pos_pred_res_s2grid=100, empp_pos_pred_temp_label=0.1, empp_pos_pred_temp_softmax=0.1, empp_prioritize_heteroatoms=True, empp_ssp_feature_dim='16x0e', enable_contrastive=False, epochs=500, exp_name='md17_final_run_20250719_162801', logger=<logger.FileLogger object at 0x7f586f0ffaf0>, loss='l2', lr=0.0002, max_test_samples=2000, max_train_samples=10000, max_val_samples=2000, min_lr=1e-06, model_name='graph_attention_transformer_nonlinear_l2', molecule_type='aspirin', momentum=0.9, num_basis=128, opt='adamw', opt_betas=None, opt_eps=1e-08, output_dir='outputs/md17_final_run_20250719_162801', patience_epochs=10, pin_mem=True, print_freq=50, radius=7.0, sched='cosine', seed=42, ssp=True, warmup_epochs=10, warmup_lr=1e-06, weight_decay=0.0001, workers=8)
2025-07-19 16:28:03,739 - logger.py:50 - Loading datasets...
2025-07-19 16:28:03,751 - logger.py:50 - Creating model...
2025-07-19 16:28:13,072 - logger.py:50 - Number of params: 3,205,881
2025-07-19 16:28:18,627 - logger.py:50 - Epoch: [0][0/154]	Total Loss: 0.23880	Main MSE (x10^-2): 23.8797	LR: 1.00e-06	EMPP_Raw: 0.00000
2025-07-19 16:31:05,355 - logger.py:50 - Epoch: [0][50/154]	Total Loss: 0.24629	Main MSE (x10^-2): 24.6291	LR: 1.00e-06	EMPP_Raw: 0.00000
2025-07-19 16:33:28,647 - logger.py:50 - Epoch: [0][100/154]	Total Loss: 0.24338	Main MSE (x10^-2): 24.3384	LR: 1.00e-06	EMPP_Raw: 0.00000
2025-07-19 16:35:52,007 - logger.py:50 - Epoch: [0][150/154]	Total Loss: 0.24228	Main MSE (x10^-2): 24.2283	LR: 1.00e-06	EMPP_Raw: 0.00000
2025-07-19 16:36:00,618 - logger.py:50 - Epoch: [0][153/154]	Total Loss: 0.24171	Main MSE (x10^-2): 24.1706	LR: 1.00e-06	EMPP_Raw: 0.00000
2025-07-19 16:36:00,660 - logger.py:50 - Epoch 0 Training Summary: Avg Total Loss: 0.24171, Avg Main MSE: 0.24171, Time: 467.58s
2025-07-19 16:36:56,882 - logger.py:50 - *** New Best Val MSE (x10^-2): 23.8643, Corresponding Test MSE (x10^-2): 24.0376 at Epoch 0 ***
2025-07-19 16:36:56,929 - logger.py:50 - Epoch 0 Summary | Train MSE (x10^-2): 24.1706 | Val MSE (x10^-2): 23.8643 | Time: 523.85s
2025-07-19 16:37:00,177 - logger.py:50 - Epoch: [1][0/154]	Total Loss: 0.26777	Main MSE (x10^-2): 26.7772	LR: 1.00e-06	EMPP_Raw: 0.00000
2025-07-19 16:39:23,002 - logger.py:50 - Epoch: [1][50/154]	Total Loss: 0.23909	Main MSE (x10^-2): 23.9085	LR: 1.00e-06	EMPP_Raw: 0.00000
2025-07-19 16:41:46,138 - logger.py:50 - Epoch: [1][100/154]	Total Loss: 0.23952	Main MSE (x10^-2): 23.9520	LR: 1.00e-06	EMPP_Raw: 0.00000
2025-07-19 16:44:09,167 - logger.py:50 - Epoch: [1][150/154]	Total Loss: 0.23645	Main MSE (x10^-2): 23.6453	LR: 1.00e-06	EMPP_Raw: 0.00000
2025-07-19 16:44:17,773 - logger.py:50 - Epoch: [1][153/154]	Total Loss: 0.23644	Main MSE (x10^-2): 23.6445	LR: 1.00e-06	EMPP_Raw: 0.00000
2025-07-19 16:44:17,826 - logger.py:50 - Epoch 1 Training Summary: Avg Total Loss: 0.23644, Avg Main MSE: 0.23644, Time: 440.89s
2025-07-19 16:45:13,901 - logger.py:50 - *** New Best Val MSE (x10^-2): 23.1528, Corresponding Test MSE (x10^-2): 23.3164 at Epoch 1 ***
2025-07-19 16:45:13,950 - logger.py:50 - Epoch 1 Summary | Train MSE (x10^-2): 23.6445 | Val MSE (x10^-2): 23.1528 | Time: 497.02s
2025-07-19 16:45:17,123 - logger.py:50 - Epoch: [2][0/154]	Total Loss: 0.20535	Main MSE (x10^-2): 20.5351	LR: 2.09e-05	EMPP_Raw: 0.00000
2025-07-19 16:47:40,083 - logger.py:50 - Epoch: [2][50/154]	Total Loss: 0.19971	Main MSE (x10^-2): 19.9708	LR: 2.09e-05	EMPP_Raw: 0.00000
2025-07-19 16:50:03,444 - logger.py:50 - Epoch: [2][100/154]	Total Loss: 0.18809	Main MSE (x10^-2): 18.8089	LR: 2.09e-05	EMPP_Raw: 0.00000
